{"numFailedTestSuites":0,"numFailedTests":0,"numPassedTestSuites":4,"numPassedTests":17,"numPendingTestSuites":0,"numPendingTests":0,"numRuntimeErrorTestSuites":0,"numTodoTests":0,"numTotalTestSuites":4,"numTotalTests":17,"openHandles":[],"snapshot":{"added":0,"didUpdate":false,"failure":false,"filesAdded":0,"filesRemoved":0,"filesRemovedList":[],"filesUnmatched":0,"filesUpdated":0,"matched":0,"total":0,"unchecked":0,"uncheckedKeysByFile":[],"unmatched":0,"updated":0},"startTime":1753332756326,"success":true,"testResults":[{"assertionResults":[{"ancestorTitles":["ProductDetail Component"],"failureMessages":[],"fullName":"ProductDetail Component renders loading then product details for in-stock item","location":null,"status":"passed","title":"renders loading then product details for in-stock item"},{"ancestorTitles":["ProductDetail Component"],"failureMessages":[],"fullName":"ProductDetail Component renders \"Out of Stock\" status and disables Add to Cart","location":null,"status":"passed","title":"renders \"Out of Stock\" status and disables Add to Cart"},{"ancestorTitles":["ProductDetail Component"],"failureMessages":[],"fullName":"ProductDetail Component invokes onAddToCart with selected product and quantity","location":null,"status":"passed","title":"invokes onAddToCart with selected product and quantity"},{"ancestorTitles":["ProductDetail Component"],"failureMessages":[],"fullName":"ProductDetail Component shows error state if product fetch fails","location":null,"status":"passed","title":"shows error state if product fetch fails"}],"endTime":1753332766567,"message":"","name":"/home/coder/project/workspace/question_generation_service/solutions/fd18daef-19f9-4ec2-85ef-9fe70ec0a5fd/reactapp/src/components/ProductDetail.test.js","startTime":1753332759468,"status":"passed","summary":""},{"assertionResults":[{"ancestorTitles":["ProductList Component"],"failureMessages":[],"fullName":"ProductList Component renders all products and stock statuses","location":null,"status":"passed","title":"renders all products and stock statuses"},{"ancestorTitles":["ProductList Component"],"failureMessages":[],"fullName":"ProductList Component filters products by category with select","location":null,"status":"passed","title":"filters products by category with select"},{"ancestorTitles":["ProductList Component"],"failureMessages":[],"fullName":"ProductList Component renders \"No products found\" message if filtered list is empty","location":null,"status":"passed","title":"renders \"No products found\" message if filtered list is empty"},{"ancestorTitles":["ProductList Component"],"failureMessages":[],"fullName":"ProductList Component displays loading and error states","location":null,"status":"passed","title":"displays loading and error states"}],"endTime":1753332767005,"message":"","name":"/home/coder/project/workspace/question_generation_service/solutions/fd18daef-19f9-4ec2-85ef-9fe70ec0a5fd/reactapp/src/components/ProductList.test.js","startTime":1753332758872,"status":"passed","summary":""},{"assertionResults":[{"ancestorTitles":["ShoppingCart Component"],"failureMessages":[],"fullName":"ShoppingCart Component renders empty cart message","location":null,"status":"passed","title":"renders empty cart message"},{"ancestorTitles":["ShoppingCart Component"],"failureMessages":[],"fullName":"ShoppingCart Component renders all cart items, calculates subtotal and total","location":null,"status":"passed","title":"renders all cart items, calculates subtotal and total"},{"ancestorTitles":["ShoppingCart Component"],"failureMessages":[],"fullName":"ShoppingCart Component allows removing items","location":null,"status":"passed","title":"allows removing items"},{"ancestorTitles":["ShoppingCart Component"],"failureMessages":[],"fullName":"ShoppingCart Component allows quantity update, clamps between 1 and max","location":null,"status":"passed","title":"allows quantity update, clamps between 1 and max"},{"ancestorTitles":["ShoppingCart Component"],"failureMessages":[],"fullName":"ShoppingCart Component checkout button triggers onCheckout","location":null,"status":"passed","title":"checkout button triggers onCheckout"}],"endTime":1753332767624,"message":"","name":"/home/coder/project/workspace/question_generation_service/solutions/fd18daef-19f9-4ec2-85ef-9fe70ec0a5fd/reactapp/src/components/ShoppingCart.test.js","startTime":1753332766620,"status":"passed","summary":""},{"assertionResults":[{"ancestorTitles":["CheckoutForm Component"],"failureMessages":[],"fullName":"CheckoutForm Component renders form, order summary and disables place order when cart is empty","location":null,"status":"passed","title":"renders form, order summary and disables place order when cart is empty"},{"ancestorTitles":["CheckoutForm Component"],"failureMessages":[],"fullName":"CheckoutForm Component validates fields and shows error messages","location":null,"status":"passed","title":"validates fields and shows error messages"},{"ancestorTitles":["CheckoutForm Component"],"failureMessages":[],"fullName":"CheckoutForm Component submits form with valid data and cart, triggers API and callback","location":null,"status":"passed","title":"submits form with valid data and cart, triggers API and callback"},{"ancestorTitles":["CheckoutForm Component"],"failureMessages":[],"fullName":"CheckoutForm Component shows API error if order creation fails","location":null,"status":"passed","title":"shows API error if order creation fails"}],"endTime":1753332767824,"message":"","name":"/home/coder/project/workspace/question_generation_service/solutions/fd18daef-19f9-4ec2-85ef-9fe70ec0a5fd/reactapp/src/components/CheckoutForm.test.js","startTime":1753332759759,"status":"passed","summary":""}],"wasInterrupted":false}